<?xml version="1.0" encoding="UTF-8"?>
<!-- Generated by org.testng.reporters.JUnitXMLReporter -->
<testsuite hostname="QAs-Mac-mini.local" name="TestCase 1" tests="2" failures="0" timestamp="6 May 2016 11:12:42 GMT" time="0.02" errors="0">
  <testcase name="@BeforeSuite SetWebDriver" time="0.0" classname="driver.setup.DriverDecider">
    <failure type="org.openqa.selenium.WebDriverException" message="unknown error: result was not received in 10 seconds
  (Session info: chrome=50.0.2661.94)
  (Driver info: chromedriver=2.21.371459 (36d3d07f660ff2bc1bf28a75d1cdabed0983e7c4),platform=Mac OS X 10.11.1 x86_64) (WARNING: The server did not provide any stacktrace information)
Command duration or timeout: 20.22 seconds
Build info: version: &amp;apos;2.48.2&amp;apos;, revision: &amp;apos;41bccdd10cf2c0560f637404c2d96164b67d9d67&amp;apos;, time: &amp;apos;2015-10-09 13:08:06&amp;apos;
System info: host: &amp;apos;QAs-Mac-mini.local&amp;apos;, ip: &amp;apos;192.168.2.129&amp;apos;, os.name: &amp;apos;Mac OS X&amp;apos;, os.arch: &amp;apos;x86_64&amp;apos;, os.version: &amp;apos;10.11.1&amp;apos;, java.version: &amp;apos;1.7.0_21&amp;apos;
Session ID: 7cf588b0d641ae8dedbb3cf56a794197
Driver info: org.openqa.selenium.chrome.ChromeDriver
Capabilities [{platform=MAC, acceptSslCerts=true, javascriptEnabled=true, browserName=chrome, chrome={userDataDir=/var/folders/zb/fhdbb21j7fv513d6fgvcdvlh0000gn/T/.org.chromium.Chromium.wo4cTj, chromedriverVersion=2.21.371459 (36d3d07f660ff2bc1bf28a75d1cdabed0983e7c4)}, rotatable=false, locationContextEnabled=true, mobileEmulationEnabled=false, version=50.0.2661.94, takesHeapSnapshot=true, cssSelectorsEnabled=true, databaseEnabled=false, handlesAlerts=true, browserConnectionEnabled=false, webStorageEnabled=true, nativeEvents=true, hasTouchScreen=false, applicationCacheEnabled=false, takesScreenshot=true}]">
      <![CDATA[org.openqa.selenium.WebDriverException: unknown error: result was not received in 10 seconds
  (Session info: chrome=50.0.2661.94)
  (Driver info: chromedriver=2.21.371459 (36d3d07f660ff2bc1bf28a75d1cdabed0983e7c4),platform=Mac OS X 10.11.1 x86_64) (WARNING: The server did not provide any stacktrace information)
Command duration or timeout: 20.22 seconds
Build info: version: '2.48.2', revision: '41bccdd10cf2c0560f637404c2d96164b67d9d67', time: '2015-10-09 13:08:06'
System info: host: 'QAs-Mac-mini.local', ip: '192.168.2.129', os.name: 'Mac OS X', os.arch: 'x86_64', os.version: '10.11.1', java.version: '1.7.0_21'
Session ID: 7cf588b0d641ae8dedbb3cf56a794197
Driver info: org.openqa.selenium.chrome.ChromeDriver
Capabilities [{platform=MAC, acceptSslCerts=true, javascriptEnabled=true, browserName=chrome, chrome={userDataDir=/var/folders/zb/fhdbb21j7fv513d6fgvcdvlh0000gn/T/.org.chromium.Chromium.wo4cTj, chromedriverVersion=2.21.371459 (36d3d07f660ff2bc1bf28a75d1cdabed0983e7c4)}, rotatable=false, locationContextEnabled=true, mobileEmulationEnabled=false, version=50.0.2661.94, takesHeapSnapshot=true, cssSelectorsEnabled=true, databaseEnabled=false, handlesAlerts=true, browserConnectionEnabled=false, webStorageEnabled=true, nativeEvents=true, hasTouchScreen=false, applicationCacheEnabled=false, takesScreenshot=true}]
	at org.openqa.selenium.remote.ErrorHandler.createThrowable(ErrorHandler.java:206)
	at org.openqa.selenium.remote.ErrorHandler.throwIfResponseFailed(ErrorHandler.java:158)
	at org.openqa.selenium.remote.RemoteWebDriver.execute(RemoteWebDriver.java:647)
	at org.openqa.selenium.remote.RemoteWebDriver$RemoteWebDriverOptions$RemoteWindow.maximize(RemoteWebDriver.java:907)
	at launchBrowser.LavaAnalyticsReport.LaunchWebBrowser(LavaAnalyticsReport.java:14)
	at driver.setup.DriverDecider.SetWebDriver(DriverDecider.java:42)
... Removed 22 stack frames]]>
    </failure>
  </testcase> <!-- @BeforeSuite SetWebDriver -->
  <testcase name="verify" time="0.001" classname="login.loginuser">
    <skipped/>
  </testcase> <!-- verify -->
  <testcase name="verify" time="0.0" classname="analytics.analytics">
    <skipped/>
  </testcase> <!-- verify -->
</testsuite> <!-- TestCase 1 -->
